<?xml version="1.0" encoding="UTF-8"?>
<!-- Generated by org.testng.reporters.JUnitXMLReporter -->
<testsuite hostname="LAPTOP-02H2H77P" ignored="0" name="Testing API" tests="3" failures="0" timestamp="08 Jun 2021 08:00:58 GMT" time="7.596" errors="0">
  <testcase name="pageDetails" time="3.849" classname="com.TestingAPITest.TestingApi"/>
  <testcase name="allResponse" time="1.899" classname="com.TestingAPITest.TestingApi"/>
  <testcase name="getStatus" time="1.809" classname="com.TestingAPITest.TestingCreateAPI"/>
</testsuite> <!-- Testing API -->
