<?xml version="1.0" encoding="UTF-8"?>
<testng-results skipped="0" failed="0" ignored="0" total="1" passed="1">
  <reporter-output>
  </reporter-output>
  <suite name="Default suite" duration-ms="8247" started-at="2021-07-08T11:44:48Z" finished-at="2021-07-08T11:44:56Z">
    <groups>
    </groups>
    <test name="Default test" duration-ms="8247" started-at="2021-07-08T11:44:48Z" finished-at="2021-07-08T11:44:56Z">
      <class name="com.TestingAPITest.TestingCreateAPI">
        <test-method status="PASS" signature="getStatus()[pri:3, instance:com.TestingAPITest.TestingCreateAPI@2758fe70]" name="getStatus" duration-ms="8206" started-at="2021-07-08T11:44:48Z" description="Post API for create user data" finished-at="2021-07-08T11:44:56Z">
          <reporter-output>
          </reporter-output>
        </test-method> <!-- getStatus -->
      </class> <!-- com.TestingAPITest.TestingCreateAPI -->
    </test> <!-- Default test -->
  </suite> <!-- Default suite -->
</testng-results>
